2025-04-02 09:21:16 - INFO - Application started
2025-04-02 09:21:16 - INFO - Started menu_calendar.py process
2025-04-02 09:21:16 - INFO - Sent update notification to menu_calendar
2025-04-02 09:21:16 - INFO - Wakeup listener setup successfully
2025-04-02 09:21:16 - INFO - Scheduled midnight update in 52723.237012 seconds
2025-04-02 09:21:37 - INFO - System wakeup event detected, triggering calendar update check
2025-04-02 09:21:37 - INFO - check_and_update_date called, current_date: 2025-04-02, last_update_date: 2025-04-02
2025-04-02 09:21:37 - INFO - No date update needed (same as last update)
2025-04-02 09:30:44 - INFO - Application started
2025-04-02 09:30:44 - INFO - Started menu_calendar.py process
2025-04-02 09:30:44 - INFO - Sent update notification to menu_calendar
2025-04-02 09:30:44 - INFO - Wakeup listener setup successfully
2025-04-02 09:30:44 - INFO - Scheduled midnight update in 52155.275521 seconds
2025-04-02 09:37:44 - INFO - Application started
2025-04-02 09:37:44 - INFO - Started menu_calendar.py process
2025-04-02 09:37:44 - INFO - Sent update notification to menu_calendar
2025-04-02 09:37:44 - INFO - Wakeup listener setup successfully
2025-04-02 09:37:44 - INFO - Scheduled midnight update in 51735.144911 seconds
2025-04-02 09:38:04 - INFO - Application started
2025-04-02 09:38:04 - INFO - Started menu_calendar.py process
2025-04-02 09:38:04 - INFO - Sent update notification to menu_calendar
2025-04-02 09:38:04 - INFO - Wakeup listener setup successfully
2025-04-02 09:38:04 - INFO - Scheduled midnight update in 51715.61827 seconds
2025-04-02 09:38:17 - INFO - Application started
2025-04-02 09:38:17 - INFO - Started menu_calendar.py process
2025-04-02 09:38:17 - INFO - Sent update notification to menu_calendar
2025-04-02 09:38:17 - INFO - Wakeup listener setup successfully
2025-04-02 09:38:17 - INFO - Scheduled midnight update in 51702.679241 seconds
2025-04-02 09:40:29 - INFO - Application started
2025-04-02 09:40:29 - INFO - Started menu_calendar.py process
2025-04-02 09:40:29 - INFO - Sent update notification to menu_calendar
2025-04-02 09:40:29 - INFO - Wakeup listener setup successfully
2025-04-02 09:40:29 - INFO - Scheduled midnight update in 51570.774411 seconds
2025-04-02 09:40:29 - INFO - Application started
2025-04-02 09:40:29 - INFO - Started menu_calendar.py process
2025-04-02 09:40:29 - INFO - Sent update notification to menu_calendar
2025-04-02 09:40:29 - INFO - Wakeup listener setup successfully
2025-04-02 09:40:29 - INFO - Scheduled midnight update in 51570.596343 seconds
2025-04-02 09:42:25 - INFO - Application started
2025-04-02 09:42:25 - INFO - Started menu_calendar.py process
2025-04-02 09:42:25 - INFO - Sent update notification to menu_calendar
2025-04-02 09:42:25 - INFO - Wakeup listener setup successfully
2025-04-02 09:42:25 - INFO - Scheduled midnight update in 51454.145643 seconds
2025-04-02 09:42:41 - INFO - Application started
2025-04-02 09:42:41 - INFO - Started menu_calendar.py process
2025-04-02 09:42:41 - INFO - Sent update notification to menu_calendar
2025-04-02 09:42:41 - INFO - Wakeup listener setup successfully
2025-04-02 09:42:41 - INFO - Scheduled midnight update in 51438.811719 seconds
2025-04-02 09:43:13 - INFO - Application started
2025-04-02 09:43:13 - INFO - Started menu_calendar.py process
2025-04-02 09:43:13 - INFO - Sent update notification to menu_calendar
2025-04-02 09:43:13 - INFO - Wakeup listener setup successfully
2025-04-02 09:43:13 - INFO - Scheduled midnight update in 51406.12091 seconds
2025-04-02 09:43:43 - INFO - Application started
2025-04-02 09:43:43 - INFO - Started menu_calendar.py process
2025-04-02 09:43:43 - INFO - Sent update notification to menu_calendar
2025-04-02 09:43:43 - INFO - Wakeup listener setup successfully
2025-04-02 09:43:43 - INFO - Scheduled midnight update in 51376.122189 seconds
2025-04-02 09:43:54 - INFO - Application started
2025-04-02 09:43:54 - INFO - Started menu_calendar.py process
2025-04-02 09:43:54 - INFO - Sent update notification to menu_calendar
2025-04-02 09:43:54 - INFO - Wakeup listener setup successfully
2025-04-02 09:43:54 - INFO - Scheduled midnight update in 51365.537454 seconds
2025-04-02 09:47:30 - INFO - Application started
2025-04-02 09:47:30 - INFO - Started menu_calendar.py process
2025-04-02 09:47:30 - INFO - Sent update notification to menu_calendar
2025-04-02 09:47:30 - INFO - Wakeup listener setup successfully
2025-04-02 09:47:30 - INFO - Scheduled midnight update in 51149.280225 seconds
2025-04-02 09:47:30 - INFO - Application started
2025-04-02 09:47:30 - INFO - Started menu_calendar.py process
2025-04-02 09:47:30 - INFO - Sent update notification to menu_calendar
2025-04-02 09:47:30 - INFO - Wakeup listener setup successfully
2025-04-02 09:47:30 - INFO - Scheduled midnight update in 51149.19564 seconds
2025-04-02 09:48:12 - INFO - Application started
2025-04-02 09:48:12 - INFO - Started menu_calendar.py process
2025-04-02 09:48:12 - INFO - Sent update notification to menu_calendar
2025-04-02 09:48:12 - INFO - Wakeup listener setup successfully
2025-04-02 09:48:12 - INFO - Scheduled midnight update in 51107.231533 seconds
2025-04-02 09:48:26 - INFO - Application started
2025-04-02 09:48:26 - INFO - Started menu_calendar.py process
2025-04-02 09:48:26 - INFO - Sent update notification to menu_calendar
2025-04-02 09:48:26 - INFO - Wakeup listener setup successfully
2025-04-02 09:48:26 - INFO - Scheduled midnight update in 51093.627412 seconds
2025-04-02 09:48:37 - INFO - Application started
2025-04-02 09:48:37 - INFO - Started menu_calendar.py process
2025-04-02 09:48:37 - INFO - Sent update notification to menu_calendar
2025-04-02 09:48:37 - INFO - Wakeup listener setup successfully
2025-04-02 09:48:37 - INFO - Scheduled midnight update in 51082.185106 seconds
2025-04-02 09:51:55 - INFO - Application started
2025-04-02 09:51:55 - INFO - Started menu_calendar.py process
2025-04-02 09:51:55 - INFO - Sent update notification to menu_calendar
2025-04-02 09:51:55 - INFO - Wakeup listener setup successfully
2025-04-02 09:51:55 - INFO - Scheduled midnight update in 50884.382552 seconds
2025-04-02 09:54:27 - INFO - Application started
2025-04-02 09:54:27 - INFO - Started menu_calendar.py process
2025-04-02 09:54:27 - INFO - Sent update notification to menu_calendar
2025-04-02 09:54:27 - INFO - Wakeup listener setup successfully
2025-04-02 09:54:27 - INFO - Scheduled midnight update in 50732.859549 seconds
2025-04-02 09:54:50 - INFO - Application started
2025-04-02 09:54:50 - INFO - Started menu_calendar.py process
2025-04-02 09:54:50 - INFO - Sent update notification to menu_calendar
2025-04-02 09:54:50 - INFO - Wakeup listener setup successfully
2025-04-02 09:54:50 - INFO - Scheduled midnight update in 50709.75201 seconds
2025-04-02 09:56:36 - INFO - Application started
2025-04-02 09:56:36 - INFO - Started menu_calendar.py process
2025-04-02 09:56:36 - INFO - Sent update notification to menu_calendar
2025-04-02 09:56:36 - INFO - Wakeup listener setup successfully
2025-04-02 09:56:36 - INFO - Scheduled midnight update in 50603.930963 seconds
2025-04-02 10:00:08 - INFO - Application started
2025-04-02 10:00:08 - INFO - Started menu_calendar.py process
2025-04-02 10:00:08 - INFO - Sent update notification to menu_calendar
2025-04-02 10:00:08 - INFO - Wakeup listener setup successfully
2025-04-02 10:00:08 - INFO - Scheduled midnight update in 50391.635419 seconds
2025-04-02 10:01:38 - INFO - Application started
2025-04-02 10:01:38 - INFO - Started menu_calendar.py process
2025-04-02 10:01:38 - INFO - Sent update notification to menu_calendar
2025-04-02 10:01:38 - INFO - Wakeup listener setup successfully
2025-04-02 10:01:38 - INFO - Scheduled midnight update in 50301.327401 seconds
2025-04-02 10:06:23 - INFO - Application started
2025-04-02 10:06:23 - INFO - Started menu_calendar.py process
2025-04-02 10:06:23 - INFO - Sent update notification to menu_calendar
2025-04-02 10:06:23 - INFO - Wakeup listener setup successfully
2025-04-02 10:06:23 - INFO - Scheduled midnight update in 50016.425806 seconds
2025-04-02 10:07:36 - INFO - Application started
2025-04-02 10:07:36 - INFO - Started menu_calendar.py process
2025-04-02 10:07:36 - INFO - Sent update notification to menu_calendar
2025-04-02 10:07:36 - INFO - Wakeup listener setup successfully
2025-04-02 10:07:36 - INFO - Scheduled midnight update in 49943.359093 seconds
2025-04-02 10:12:08 - INFO - Application started
2025-04-02 10:12:08 - INFO - Started menu_calendar.py process
2025-04-02 10:12:08 - INFO - Sent update notification to menu_calendar
2025-04-02 10:12:08 - INFO - Wakeup listener setup successfully
2025-04-02 10:12:08 - INFO - Scheduled midnight update in 49671.734823 seconds
2025-04-02 10:14:23 - INFO - Application started
2025-04-02 10:14:23 - INFO - Started menu_calendar.py process
2025-04-02 10:14:23 - INFO - Sent update notification to menu_calendar
2025-04-02 10:14:23 - INFO - Wakeup listener setup successfully
2025-04-02 10:14:23 - INFO - Scheduled midnight update in 49536.389466 seconds
2025-04-02 10:14:40 - INFO - Application started
2025-04-02 10:14:40 - INFO - Started menu_calendar.py process
2025-04-02 10:14:40 - INFO - Sent update notification to menu_calendar
2025-04-02 10:14:40 - INFO - Wakeup listener setup successfully
2025-04-02 10:14:40 - INFO - Scheduled midnight update in 49519.178409 seconds
2025-04-02 10:14:52 - INFO - Application started
2025-04-02 10:14:52 - INFO - Started menu_calendar.py process
2025-04-02 10:14:52 - INFO - Sent update notification to menu_calendar
2025-04-02 10:14:52 - INFO - Wakeup listener setup successfully
2025-04-02 10:14:52 - INFO - Scheduled midnight update in 49507.542369 seconds
2025-04-02 10:15:17 - INFO - Application started
2025-04-02 10:15:17 - INFO - Started menu_calendar.py process
2025-04-02 10:15:17 - INFO - Sent update notification to menu_calendar
2025-04-02 10:15:17 - INFO - Wakeup listener setup successfully
2025-04-02 10:15:17 - INFO - Scheduled midnight update in 49482.598501 seconds
2025-04-02 10:19:22 - INFO - Application started
2025-04-02 10:19:22 - INFO - Started menu_calendar.py process
2025-04-02 10:19:22 - INFO - Sent update notification to menu_calendar
2025-04-02 10:19:22 - INFO - Wakeup listener setup successfully
2025-04-02 10:19:22 - INFO - Scheduled midnight update in 49237.785298 seconds
2025-04-02 10:20:12 - INFO - Application started
2025-04-02 10:20:12 - INFO - Started menu_calendar.py process
2025-04-02 10:20:12 - INFO - Sent update notification to menu_calendar
2025-04-02 10:20:12 - INFO - Wakeup listener setup successfully
2025-04-02 10:20:12 - INFO - Scheduled midnight update in 49187.86436 seconds
2025-04-02 10:20:53 - INFO - Application started
2025-04-02 10:20:53 - INFO - Started menu_calendar.py process
2025-04-02 10:20:53 - INFO - Sent update notification to menu_calendar
2025-04-02 10:20:53 - INFO - Wakeup listener setup successfully
2025-04-02 10:20:53 - INFO - Scheduled midnight update in 49146.65319 seconds
2025-04-02 10:26:22 - INFO - Application started
2025-04-02 10:26:22 - INFO - Started menu_calendar.py process
2025-04-02 10:26:22 - INFO - Sent update notification to menu_calendar
2025-04-02 10:26:22 - INFO - Wakeup listener setup successfully
2025-04-02 10:26:22 - INFO - Scheduled midnight update in 48817.075789 seconds
2025-04-02 10:30:54 - INFO - Application started
2025-04-02 10:30:54 - INFO - Started menu_calendar.py process
2025-04-02 10:30:54 - INFO - Sent update notification to menu_calendar
2025-04-02 10:30:54 - INFO - Wakeup listener setup successfully
2025-04-02 10:30:54 - INFO - Scheduled midnight update in 48545.316388 seconds
2025-04-02 10:32:31 - INFO - Application started
2025-04-02 10:32:31 - INFO - Started menu_calendar.py process
2025-04-02 10:32:31 - INFO - Sent update notification to menu_calendar
2025-04-02 10:32:31 - INFO - Wakeup listener setup successfully
2025-04-02 10:32:31 - INFO - Scheduled midnight update in 48448.23876 seconds
2025-04-02 10:33:26 - INFO - Application started
2025-04-02 10:33:26 - INFO - Started menu_calendar.py process
2025-04-02 10:33:26 - INFO - Sent update notification to menu_calendar
2025-04-02 10:33:26 - INFO - Wakeup listener setup successfully
2025-04-02 10:33:26 - INFO - Scheduled midnight update in 48393.268509 seconds
2025-04-02 10:36:27 - INFO - Application started
2025-04-02 10:36:27 - INFO - Started menu_calendar.py process
2025-04-02 10:36:27 - INFO - Sent update notification to menu_calendar
2025-04-02 10:36:27 - INFO - Wakeup listener setup successfully
2025-04-02 10:36:27 - INFO - Scheduled midnight update in 48212.090441 seconds
2025-04-02 10:37:39 - INFO - Application started
2025-04-02 10:37:39 - INFO - Started menu_calendar.py process
2025-04-02 10:37:39 - INFO - Sent update notification to menu_calendar
2025-04-02 10:37:39 - INFO - Wakeup listener setup successfully
2025-04-02 10:37:39 - INFO - Scheduled midnight update in 48140.927822 seconds
2025-04-02 10:37:53 - INFO - Application started
2025-04-02 10:37:53 - INFO - Started menu_calendar.py process
2025-04-02 10:37:53 - INFO - Sent update notification to menu_calendar
2025-04-02 10:37:53 - INFO - Wakeup listener setup successfully
2025-04-02 10:37:53 - INFO - Scheduled midnight update in 48126.113194 seconds
2025-04-02 10:38:38 - INFO - Application started
2025-04-02 10:38:38 - INFO - Started menu_calendar.py process
2025-04-02 10:38:38 - INFO - Sent update notification to menu_calendar
2025-04-02 10:38:38 - INFO - Wakeup listener setup successfully
2025-04-02 10:38:38 - INFO - Scheduled midnight update in 48081.11499 seconds
2025-04-02 10:39:14 - INFO - Application started
2025-04-02 10:39:14 - INFO - Started menu_calendar.py process
2025-04-02 10:39:14 - INFO - Sent update notification to menu_calendar
2025-04-02 10:39:14 - INFO - Wakeup listener setup successfully
2025-04-02 10:39:14 - INFO - Scheduled midnight update in 48045.222503 seconds
2025-04-02 10:39:22 - INFO - Application started
2025-04-02 10:39:22 - INFO - Started menu_calendar.py process
2025-04-02 10:39:22 - INFO - Sent update notification to menu_calendar
2025-04-02 10:39:22 - INFO - Wakeup listener setup successfully
2025-04-02 10:39:22 - INFO - Scheduled midnight update in 48037.919829 seconds
2025-04-02 10:40:43 - INFO - Application started
2025-04-02 10:40:43 - INFO - Started menu_calendar.py process
2025-04-02 10:40:43 - INFO - Sent update notification to menu_calendar
2025-04-02 10:40:43 - INFO - Wakeup listener setup successfully
2025-04-02 10:40:43 - INFO - Scheduled midnight update in 47956.817385 seconds
2025-04-02 10:41:00 - INFO - Application started
2025-04-02 10:41:00 - INFO - Started menu_calendar.py process
2025-04-02 10:41:00 - INFO - Sent update notification to menu_calendar
2025-04-02 10:41:00 - INFO - Wakeup listener setup successfully
2025-04-02 10:41:00 - INFO - Scheduled midnight update in 47939.108374 seconds
2025-04-02 10:41:10 - INFO - Application started
2025-04-02 10:41:10 - INFO - Started menu_calendar.py process
2025-04-02 10:41:10 - INFO - Sent update notification to menu_calendar
2025-04-02 10:41:10 - INFO - Wakeup listener setup successfully
2025-04-02 10:41:10 - INFO - Scheduled midnight update in 47929.155385 seconds
2025-04-02 10:41:33 - INFO - Application started
2025-04-02 10:41:33 - INFO - Started menu_calendar.py process
2025-04-02 10:41:33 - INFO - Sent update notification to menu_calendar
2025-04-02 10:41:33 - INFO - Wakeup listener setup successfully
2025-04-02 10:41:33 - INFO - Scheduled midnight update in 47906.39197 seconds
2025-04-02 10:41:57 - INFO - Application started
2025-04-02 10:41:57 - INFO - Started menu_calendar.py process
2025-04-02 10:41:57 - INFO - Sent update notification to menu_calendar
2025-04-02 10:41:57 - INFO - Wakeup listener setup successfully
2025-04-02 10:41:57 - INFO - Scheduled midnight update in 47882.686408 seconds
2025-04-02 10:43:44 - INFO - Application started
2025-04-02 10:43:44 - INFO - Started menu_calendar.py process
2025-04-02 10:43:44 - INFO - Sent update notification to menu_calendar
2025-04-02 10:43:44 - INFO - Wakeup listener setup successfully
2025-04-02 10:43:44 - INFO - Scheduled midnight update in 47775.637667 seconds
2025-04-02 10:43:47 - INFO - Application started
2025-04-02 10:43:47 - INFO - Started menu_calendar.py process
2025-04-02 10:43:47 - INFO - Sent update notification to menu_calendar
2025-04-02 10:43:47 - INFO - Wakeup listener setup successfully
2025-04-02 10:43:47 - INFO - Scheduled midnight update in 47772.833131 seconds
2025-04-02 10:44:12 - INFO - Application started
2025-04-02 10:44:12 - INFO - Started menu_calendar.py process
2025-04-02 10:44:12 - INFO - Sent update notification to menu_calendar
2025-04-02 10:44:12 - INFO - Wakeup listener setup successfully
2025-04-02 10:44:12 - INFO - Scheduled midnight update in 47747.576402 seconds
2025-04-02 10:44:45 - INFO - Application started
2025-04-02 10:44:45 - INFO - Started menu_calendar.py process
2025-04-02 10:44:45 - INFO - Sent update notification to menu_calendar
2025-04-02 10:44:45 - INFO - Wakeup listener setup successfully
2025-04-02 10:44:45 - INFO - Scheduled midnight update in 47714.943222 seconds
2025-04-02 14:06:45 - INFO - Application started
2025-04-02 14:06:45 - INFO - Started menu_calendar.py process
2025-04-02 14:06:45 - INFO - Sent update notification to menu_calendar
2025-04-02 14:06:45 - INFO - Wakeup listener setup successfully
2025-04-02 14:06:45 - INFO - Scheduled midnight update in 35594.88726 seconds
2025-04-02 14:30:35 - INFO - Application started
2025-04-02 14:30:35 - INFO - Started menu_calendar.py process
2025-04-02 14:30:35 - INFO - Sent update notification to menu_calendar
2025-04-02 14:30:35 - INFO - Wakeup listener setup successfully
2025-04-02 14:30:35 - INFO - Scheduled midnight update in 34164.222856 seconds
2025-04-02 14:40:09 - INFO - Application started
2025-04-02 14:40:09 - INFO - Started menu_calendar.py process
2025-04-02 14:40:09 - INFO - Sent update notification to menu_calendar
2025-04-02 14:40:09 - INFO - Wakeup listener setup successfully
2025-04-02 14:40:09 - INFO - Scheduled midnight update in 33590.698168 seconds
2025-04-02 16:01:12 - INFO - System wakeup event detected, triggering calendar update check
2025-04-02 16:01:12 - INFO - check_and_update_date called, current_date: 2025-04-02, last_update_date: 2025-04-02
2025-04-02 16:01:12 - INFO - No date update needed (same as last update)
2025-04-02 16:04:57 - INFO - Application started
2025-04-02 16:04:57 - INFO - Started menu_calendar.py process
2025-04-02 16:04:57 - INFO - Sent update notification to menu_calendar
2025-04-02 16:04:57 - INFO - Wakeup listener setup successfully
2025-04-02 16:04:57 - INFO - Scheduled midnight update in 28502.591424 seconds
2025-04-02 16:06:01 - INFO - Application started
2025-04-02 16:06:01 - INFO - Started menu_calendar.py process
2025-04-02 16:06:01 - INFO - Sent update notification to menu_calendar
2025-04-02 16:06:01 - INFO - Wakeup listener setup successfully
2025-04-02 16:06:01 - INFO - Scheduled midnight update in 28438.162881 seconds
2025-04-02 16:09:24 - INFO - Application started
2025-04-02 16:09:24 - INFO - Started menu_calendar.py process
2025-04-02 16:09:24 - INFO - Sent update notification to menu_calendar
2025-04-02 16:09:24 - INFO - Wakeup listener setup successfully
2025-04-02 16:09:24 - INFO - Scheduled midnight update in 28235.828387 seconds
2025-04-02 16:11:01 - INFO - Application started
2025-04-02 16:11:01 - INFO - Started menu_calendar.py process
2025-04-02 16:11:01 - INFO - Sent update notification to menu_calendar
2025-04-02 16:11:01 - INFO - Wakeup listener setup successfully
2025-04-02 16:11:01 - INFO - Scheduled midnight update in 28138.28739 seconds
2025-04-02 16:21:09 - INFO - Application started
2025-04-02 16:21:09 - INFO - Started menu_calendar.py process
2025-04-02 16:21:09 - INFO - Sent update notification to menu_calendar
2025-04-02 16:21:09 - INFO - Wakeup listener setup successfully
2025-04-02 16:21:09 - INFO - Scheduled midnight update in 27530.592016 seconds
2025-04-02 16:27:09 - INFO - Application started
2025-04-02 16:27:09 - INFO - Started menu_calendar.py process
2025-04-02 16:27:09 - INFO - Sent update notification to menu_calendar
2025-04-02 16:27:09 - INFO - Wakeup listener setup successfully
2025-04-02 16:27:09 - INFO - Scheduled midnight update in 27170.21576 seconds
2025-04-02 16:28:55 - INFO - Application started
2025-04-02 16:28:55 - INFO - Started menu_calendar.py process
2025-04-02 16:28:55 - INFO - Sent update notification to menu_calendar
2025-04-02 16:28:55 - INFO - Wakeup listener setup successfully
2025-04-02 16:28:55 - INFO - Scheduled midnight update in 27064.303056 seconds
2025-04-02 16:29:50 - INFO - Application started
2025-04-02 16:29:50 - INFO - Started menu_calendar.py process
2025-04-02 16:29:50 - INFO - Sent update notification to menu_calendar
2025-04-02 16:29:50 - INFO - Wakeup listener setup successfully
2025-04-02 16:29:50 - INFO - Scheduled midnight update in 27009.24129 seconds
2025-04-02 16:30:08 - INFO - Application started
2025-04-02 16:30:08 - INFO - Started menu_calendar.py process
2025-04-02 16:30:08 - INFO - Sent update notification to menu_calendar
2025-04-02 16:30:08 - INFO - Wakeup listener setup successfully
2025-04-02 16:30:08 - INFO - Scheduled midnight update in 26991.220093 seconds
2025-04-02 16:35:09 - INFO - Application started
2025-04-02 16:35:09 - INFO - Started menu_calendar.py process
2025-04-02 16:35:09 - INFO - Sent update notification to menu_calendar
2025-04-02 16:35:09 - INFO - Wakeup listener setup successfully
2025-04-02 16:35:09 - INFO - Scheduled midnight update in 26690.551811 seconds
